<?xml version="1.0" encoding="utf-8"?><testsuites name="pytest tests"><testsuite name="pytest" errors="0" failures="0" skipped="0" tests="14" time="3.049" timestamp="2026-06-02T07:39:17.093916+00:00" hostname="agent-env-0a90a65c-2bdc-4ed0-8867-df3269bb1b49"><testcase classname="backend.tests.test_emorvia_backend.TestHealth" name="test_health" time="0.256" /><testcase classname="backend.tests.test_emorvia_backend.TestOtp" name="test_otp_send_bypass" time="0.060" /><testcase classname="backend.tests.test_emorvia_backend.TestOtp" name="test_otp_verify_bypass_creates_user" time="0.108" /><testcase classname="backend.tests.test_emorvia_backend.TestOtp" name="test_otp_send_live_messagecentral" time="1.255" /><testcase classname="backend.tests.test_emorvia_backend.TestAdminBilling" name="test_admin_login" time="0.055" /><testcase classname="backend.tests.test_emorvia_backend.TestAdminBilling" name="test_get_admin_billing" time="0.051" /><testcase classname="backend.tests.test_emorvia_backend.TestAdminBilling" name="test_put_admin_billing_persists" time="0.261" /><testcase classname="backend.tests.test_emorvia_backend.TestAdminBilling" name="test_billing_public_no_packages" time="0.051" /><testcase classname="backend.tests.test_emorvia_backend.TestAdminProviders" name="test_list_providers" time="0.054" /><testcase classname="backend.tests.test_emorvia_backend.TestAdminProviders" name="test_patch_provider_perminrate_and_override" time="0.160" /><testcase classname="backend.tests.test_emorvia_backend.TestProviderSelf" name="test_provider_login" time="0.134" /><testcase classname="backend.tests.test_emorvia_backend.TestProviderSelf" name="test_provider_patch_per_min_rate" time="0.053" /><testcase classname="backend.tests.test_emorvia_backend.TestPublicProviders" name="test_public_providers_list" time="0.053" /><testcase classname="backend.tests.test_emorvia_backend.TestCallLog" name="test_call_log_per_minute" time="0.377" /></testsuite></testsuites>