<?xml version="1.0" encoding="utf-8"?><testsuites name="pytest tests"><testsuite name="pytest" errors="0" failures="0" skipped="0" tests="18" time="3.807" timestamp="2026-06-02T08:05:14.529470+00:00" hostname="agent-env-0a90a65c-2bdc-4ed0-8867-df3269bb1b49"><testcase classname="backend.tests.test_emorvia_backend.TestHealth" name="test_health" time="0.264" /><testcase classname="backend.tests.test_emorvia_backend.TestOtp" name="test_otp_send_bypass" time="0.055" /><testcase classname="backend.tests.test_emorvia_backend.TestOtp" name="test_otp_verify_bypass_creates_user" time="0.096" /><testcase classname="backend.tests.test_emorvia_backend.TestOtp" name="test_otp_send_live_messagecentral" time="1.217" /><testcase classname="backend.tests.test_emorvia_backend.TestAdminBilling" name="test_admin_login" time="0.048" /><testcase classname="backend.tests.test_emorvia_backend.TestAdminBilling" name="test_get_admin_billing" time="0.048" /><testcase classname="backend.tests.test_emorvia_backend.TestAdminBilling" name="test_put_admin_billing_persists" time="0.235" /><testcase classname="backend.tests.test_emorvia_backend.TestAdminBilling" name="test_billing_public_no_packages" time="0.048" /><testcase classname="backend.tests.test_emorvia_backend.TestAdminProviders" name="test_list_providers" time="0.109" /><testcase classname="backend.tests.test_emorvia_backend.TestAdminProviders" name="test_patch_provider_perminrate_and_override" time="0.142" /><testcase classname="backend.tests.test_emorvia_backend.TestProviderSelf" name="test_provider_login" time="0.129" /><testcase classname="backend.tests.test_emorvia_backend.TestProviderSelf" name="test_provider_patch_per_min_rate" time="0.047" /><testcase classname="backend.tests.test_emorvia_backend.TestPublicProviders" name="test_public_providers_list" time="0.046" /><testcase classname="backend.tests.test_emorvia_backend.TestCallLog" name="test_call_log_per_minute" time="0.338" /><testcase classname="backend.tests.test_emorvia_backend.TestChatCallLog" name="test_chat_log_default_60_pct" time="0.275" /><testcase classname="backend.tests.test_emorvia_backend.TestChatCallLog" name="test_chat_log_override_70_pct" time="0.283" /><testcase classname="backend.tests.test_emorvia_backend.TestChatCallLog" name="test_call_log_omitted_channel_defaults_to_call" time="0.246" /><testcase classname="backend.tests.test_emorvia_backend.TestFrontendRoutes" name="test_root_serves_index" time="0.049" /></testsuite></testsuites>